<?xml version="1.0" encoding="UTF-8"?>
<!-- Generated by org.testng.reporters.JUnitXMLReporter -->
<testsuite ignored="0" hostname="L0USMN000110689" failures="1" tests="7" name="Free CRM App Test Cases" time="159.761" errors="0" timestamp="04 Sep 2020 19:07:00 GMT">
  <testcase classname="com.crm.qa.testcases.LoginPageTest" name="LoginPageTitleTest" time="0.071">
    <failure type="java.lang.AssertionError" message="LoginPageTitle is not match - Test Failed expected [Free CRM software can boost your sales by 30%] but found [Free CRM software helps any business large or small]">
      <![CDATA[java.lang.AssertionError: LoginPageTitle is not match - Test Failed expected [Free CRM software can boost your sales by 30%] but found [Free CRM software helps any business large or small]
	at com.crm.qa.testcases.LoginPageTest.LoginPageTitleTest(LoginPageTest.java:48)
... Removed 30 stack frames]]>
    </failure>
  </testcase> <!-- LoginPageTitleTest -->
  <testcase classname="com.crm.qa.testcases.HomePageTest" name="HomePageTitleTest" time="0.006"/>
  <testcase classname="com.crm.qa.testcases.LoginPageTest" name="CRMLogoImageTest" time="0.139"/>
  <testcase classname="com.crm.qa.testcases.HomePageTest" name="UserNameTest" time="1.408"/>
  <testcase classname="com.crm.qa.testcases.LoginPageTest" name="LoginLinkTest" time="0.094"/>
  <testcase classname="com.crm.qa.testcases.HomePageTest" name="ContactsLinkTest" time="1.623"/>
  <testcase classname="com.crm.qa.testcases.LoginPageTest" name="LoginTest" time="6.755"/>
</testsuite> <!-- Free CRM App Test Cases -->
