<?xml version="1.0" encoding="UTF-8"?>
<!-- Generated by org.testng.reporters.JUnitXMLReporter -->
<testsuite ignored="0" hostname="L0USMN000110689" failures="1" tests="7" name="SambaSafety regression Test" time="281.597" errors="0" timestamp="2020-09-22T14:50:49 CDT">
  <testcase classname="sambasafety.testcases.HomePageTest" name="CompanyLogoTest" time="1.757"/>
  <testcase classname="sambasafety.testcases.HomePageTest" name="PageTitleTest" time="0.009">
    <failure type="java.lang.AssertionError" message="Page Title not match - Test Case Failed. expected [Continuous MVR Monitoring &amp;amp; Driver Risk Management Software - TESTING] but found [Continuous MVR Monitoring &amp;amp; Driver Risk Management Software]">
      <![CDATA[java.lang.AssertionError: Page Title not match - Test Case Failed. expected [Continuous MVR Monitoring & Driver Risk Management Software - TESTING] but found [Continuous MVR Monitoring & Driver Risk Management Software]
at sambasafety.testcases.HomePageTest.PageTitleTest(HomePageTest.java:95)
at java.base/java.util.ArrayList.forEach(ArrayList.java:1540)
... Removed 31 stack frames]]>
    </failure>
  </testcase> <!-- PageTitleTest -->
  <testcase classname="sambasafety.testcases.HomePageTest" name="SambaSafetyCopyRightTest" time="11.743"/>
  <testcase classname="sambasafety.testcases.HomePageSearchTest" name="SearchTest" time="23.052"/>
  <testcase classname="sambasafety.testcases.SubmitTicketTest" name="SubmitATicketTest" time="26.814"/>
  <testcase classname="sambasafety.testcases.FindBrokenLinksTest" name="BrokenLinkTest" time="23.44"/>
  <testcase classname="sambasafety.testcases.FindBrokenImagesTest" name="BrokenImagesTest" time="72.626"/>
</testsuite> <!-- SambaSafety regression Test -->
