<?xml version="1.0" encoding="UTF-8"?>
<testng-results ignored="0" total="1" passed="1" failed="0" skipped="0">
  <reporter-output>
  </reporter-output>
  <suite started-at="2020-09-22T16:33:56 CDT" name="Default suite" finished-at="2020-09-22T16:33:56 CDT" duration-ms="54">
    <groups>
    </groups>
    <test started-at="2020-09-22T16:33:56 CDT" name="Default test" finished-at="2020-09-22T16:33:56 CDT" duration-ms="54">
      <class name="sambasafety.TDD.TestPassword2">
        <test-method signature="TestPasswordLength()[pri:0, instance:sambasafety.TDD.TestPassword2@6c779568]" started-at="2020-09-22T16:33:56 CDT" name="TestPasswordLength" finished-at="2020-09-22T16:33:56 CDT" duration-ms="11" status="PASS">
          <reporter-output>
          </reporter-output>
        </test-method> <!-- TestPasswordLength -->
      </class> <!-- sambasafety.TDD.TestPassword2 -->
    </test> <!-- Default test -->
  </suite> <!-- Default suite -->
</testng-results>
